2026-01-19 10:10:11 TRACE Log4jDemo - Trace Message
2026-01-19 10:10:11 DEBUG Log4jDemo - Debug Message
2026-01-19 10:10:11 INFO  Log4jDemo - Info message
2026-01-19 10:10:11 WARN  Log4jDemo - Warning Message
2026-01-19 10:10:11 ERROR Log4jDemo - Error Message
2026-01-19 10:10:11 FATAL Log4jDemo - Fatal Message
2026-01-19 10:22:02 TRACE Log4jDemo - Trace Message
2026-01-19 10:22:02 DEBUG Log4jDemo - Debug Message
2026-01-19 10:22:02 INFO  Log4jDemo - Info message
2026-01-19 10:22:02 WARN  Log4jDemo - Warning Message
2026-01-19 10:22:02 ERROR Log4jDemo - Error Message
2026-01-19 10:22:02 FATAL Log4jDemo - Fatal Message
2026-01-19 10:22:30 TRACE Log4jDemo - Trace Message
2026-01-19 10:22:30 DEBUG Log4jDemo - Debug Message
2026-01-19 10:22:30 INFO  Log4jDemo - Info message
2026-01-19 10:22:30 WARN  Log4jDemo - Warning Message
2026-01-19 10:22:30 ERROR Log4jDemo - Error Message
2026-01-19 10:22:30 FATAL Log4jDemo - Fatal Message
2026-01-19 10:36:13 TRACE org.example.Log4jDemo - Trace Message
2026-01-19 10:36:13 DEBUG org.example.Log4jDemo - Debug Message
2026-01-19 10:36:13 INFO  org.example.Log4jDemo - Info message
2026-01-19 10:36:13 WARN  org.example.Log4jDemo - Warning Message
2026-01-19 10:36:13 ERROR org.example.Log4jDemo - Error Message
2026-01-19 10:36:13 FATAL org.example.Log4jDemo - Fatal Message
2026-01-19 10:36:24 TRACE org.example.Log4jDemo - Trace Message
2026-01-19 10:36:24 DEBUG org.example.Log4jDemo - Debug Message
2026-01-19 10:36:24 INFO  org.example.Log4jDemo - Info message
2026-01-19 10:36:24 WARN  org.example.Log4jDemo - Warning Message
2026-01-19 10:36:24 ERROR org.example.Log4jDemo - Error Message
2026-01-19 10:36:24 FATAL org.example.Log4jDemo - Fatal Message
2026-01-19 10:36:32 TRACE org.example.Log4jDemo - Trace Message
2026-01-19 10:36:32 DEBUG org.example.Log4jDemo - Debug Message
2026-01-19 10:36:32 INFO  org.example.Log4jDemo - Info message
2026-01-19 10:36:32 WARN  org.example.Log4jDemo - Warning Message
2026-01-19 10:36:32 ERROR org.example.Log4jDemo - Error Message
2026-01-19 10:36:32 FATAL org.example.Log4jDemo - Fatal Message
2026-01-19 10:47:41 INFO  org.example.Slf4jDemo - Application started
2026-01-19 10:47:41 ERROR org.example.Slf4jDemo - Error occured
